2021-09-01 20:24:45.960  INFO 14832 --- [main] .p.f.FourthHomeworkAvemphractApplication : Starting FourthHomeworkAvemphractApplication using Java 1.8.0_292 on DESKTOP-1DBCT9N with PID 14832 (C:\Users\Katafrakt\Desktop\fourth-homework-avemphract\target\classes started by Katafrakt in C:\Users\Katafrakt\Desktop\fourth-homework-avemphract)
2021-09-01 20:24:45.963  INFO 14832 --- [main] .p.f.FourthHomeworkAvemphractApplication : No active profile set, falling back to default profiles: default
2021-09-01 20:24:46.765  INFO 14832 --- [main] .s.d.r.c.RepositoryConfigurationDelegate : Bootstrapping Spring Data JPA repositories in DEFAULT mode.
2021-09-01 20:24:46.827  INFO 14832 --- [main] .s.d.r.c.RepositoryConfigurationDelegate : Finished Spring Data repository scanning in 46 ms. Found 3 JPA repository interfaces.
2021-09-01 20:24:47.286  INFO 14832 --- [main] o.s.b.w.embedded.tomcat.TomcatWebServer  : Tomcat initialized with port(s): 8080 (http)
2021-09-01 20:24:47.291  INFO 14832 --- [main] o.apache.catalina.core.StandardService   : Starting service [Tomcat]
2021-09-01 20:24:47.292  INFO 14832 --- [main] org.apache.catalina.core.StandardEngine  : Starting Servlet engine: [Apache Tomcat/9.0.52]
2021-09-01 20:24:47.359  INFO 14832 --- [main] o.a.c.c.C.[Tomcat].[localhost].[/]       : Initializing Spring embedded WebApplicationContext
2021-09-01 20:24:47.360  INFO 14832 --- [main] w.s.c.ServletWebServerApplicationContext : Root WebApplicationContext: initialization completed in 1363 ms
2021-09-01 20:24:47.448  INFO 14832 --- [main] com.zaxxer.hikari.HikariDataSource       : HikariPool-1 - Starting...
2021-09-01 20:24:47.528  INFO 14832 --- [main] com.zaxxer.hikari.HikariDataSource       : HikariPool-1 - Start completed.
2021-09-01 20:24:47.533  INFO 14832 --- [main] o.s.b.a.h2.H2ConsoleAutoConfiguration    : H2 console available at '/h2-console'. Database available at 'jdbc:h2:mem:testdb'
2021-09-01 20:24:47.724  INFO 14832 --- [main] o.hibernate.jpa.internal.util.LogHelper  : HHH000204: Processing PersistenceUnitInfo [name: default]
2021-09-01 20:24:47.763  INFO 14832 --- [main] org.hibernate.Version                    : HHH000412: Hibernate ORM core version 5.4.32.Final
2021-09-01 20:24:47.865  INFO 14832 --- [main] o.hibernate.annotations.common.Version   : HCANN000001: Hibernate Commons Annotations {5.1.2.Final}
2021-09-01 20:24:47.951  INFO 14832 --- [main] org.hibernate.dialect.Dialect            : HHH000400: Using dialect: org.hibernate.dialect.H2Dialect
2021-09-01 20:24:48.495  INFO 14832 --- [main] o.h.e.t.j.p.i.JtaPlatformInitiator       : HHH000490: Using JtaPlatform implementation: [org.hibernate.engine.transaction.jta.platform.internal.NoJtaPlatform]
2021-09-01 20:24:48.504  INFO 14832 --- [main] j.LocalContainerEntityManagerFactoryBean : Initialized JPA EntityManagerFactory for persistence unit 'default'
2021-09-01 20:24:48.798  WARN 14832 --- [main] ConfigServletWebServerApplicationContext : Exception encountered during context initialization - cancelling refresh attempt: org.springframework.beans.factory.UnsatisfiedDependencyException: Error creating bean with name 'courseController' defined in file [C:\Users\Katafrakt\Desktop\fourth-homework-avemphract\target\classes\dev\patika\fourthhomeworkavemphract\controller\CourseController.class]: Unsatisfied dependency expressed through constructor parameter 0; nested exception is org.springframework.beans.factory.UnsatisfiedDependencyException: Error creating bean with name 'courseService' defined in file [C:\Users\Katafrakt\Desktop\fourth-homework-avemphract\target\classes\dev\patika\fourthhomeworkavemphract\service\CourseService.class]: Unsatisfied dependency expressed through constructor parameter 1; nested exception is org.springframework.beans.factory.NoSuchBeanDefinitionException: No qualifying bean of type 'dev.patika.fourthhomeworkavemphract.mapper.CourseMapper' available: expected at least 1 bean which qualifies as autowire candidate. Dependency annotations: {}
2021-09-01 20:24:48.798  INFO 14832 --- [main] j.LocalContainerEntityManagerFactoryBean : Closing JPA EntityManagerFactory for persistence unit 'default'
2021-09-01 20:24:48.799  INFO 14832 --- [main] .SchemaDropperImpl$DelayedDropActionImpl : HHH000477: Starting delayed evictData of schema as part of SessionFactory shut-down'
2021-09-01 20:24:48.805  INFO 14832 --- [main] com.zaxxer.hikari.HikariDataSource       : HikariPool-1 - Shutdown initiated...
2021-09-01 20:24:48.807  INFO 14832 --- [main] com.zaxxer.hikari.HikariDataSource       : HikariPool-1 - Shutdown completed.
2021-09-01 20:24:48.808  INFO 14832 --- [main] o.apache.catalina.core.StandardService   : Stopping service [Tomcat]
2021-09-01 20:24:48.820  INFO 14832 --- [main] ConditionEvaluationReportLoggingListener : 

Error starting ApplicationContext. To display the conditions report re-run your application with 'debug' enabled.
2021-09-01 20:24:48.841 ERROR 14832 --- [main] o.s.b.d.LoggingFailureAnalysisReporter   : 

***************************
APPLICATION FAILED TO START
***************************

Description:

Parameter 1 of constructor in dev.patika.fourthhomeworkavemphract.service.CourseService required a bean of type 'dev.patika.fourthhomeworkavemphract.mapper.CourseMapper' that could not be found.


Action:

Consider defining a bean of type 'dev.patika.fourthhomeworkavemphract.mapper.CourseMapper' in your configuration.

2021-09-01 20:30:58.469  INFO 5952 --- [main] .p.f.FourthHomeworkAvemphractApplication : Starting FourthHomeworkAvemphractApplication using Java 1.8.0_292 on DESKTOP-1DBCT9N with PID 5952 (C:\Users\Katafrakt\Desktop\fourth-homework-avemphract\target\classes started by Katafrakt in C:\Users\Katafrakt\Desktop\fourth-homework-avemphract)
2021-09-01 20:30:58.473  INFO 5952 --- [main] .p.f.FourthHomeworkAvemphractApplication : No active profile set, falling back to default profiles: default
2021-09-01 20:30:59.366  INFO 5952 --- [main] .s.d.r.c.RepositoryConfigurationDelegate : Bootstrapping Spring Data JPA repositories in DEFAULT mode.
2021-09-01 20:30:59.421  INFO 5952 --- [main] .s.d.r.c.RepositoryConfigurationDelegate : Finished Spring Data repository scanning in 46 ms. Found 3 JPA repository interfaces.
2021-09-01 20:30:59.918  INFO 5952 --- [main] o.s.b.w.embedded.tomcat.TomcatWebServer  : Tomcat initialized with port(s): 8080 (http)
2021-09-01 20:30:59.924  INFO 5952 --- [main] o.apache.catalina.core.StandardService   : Starting service [Tomcat]
2021-09-01 20:30:59.924  INFO 5952 --- [main] org.apache.catalina.core.StandardEngine  : Starting Servlet engine: [Apache Tomcat/9.0.52]
2021-09-01 20:30:59.997  INFO 5952 --- [main] o.a.c.c.C.[Tomcat].[localhost].[/]       : Initializing Spring embedded WebApplicationContext
2021-09-01 20:30:59.997  INFO 5952 --- [main] w.s.c.ServletWebServerApplicationContext : Root WebApplicationContext: initialization completed in 1435 ms
2021-09-01 20:31:00.084  INFO 5952 --- [main] com.zaxxer.hikari.HikariDataSource       : HikariPool-1 - Starting...
2021-09-01 20:31:00.174  INFO 5952 --- [main] com.zaxxer.hikari.HikariDataSource       : HikariPool-1 - Start completed.
2021-09-01 20:31:00.181  INFO 5952 --- [main] o.s.b.a.h2.H2ConsoleAutoConfiguration    : H2 console available at '/h2-console'. Database available at 'jdbc:h2:mem:testdb'
2021-09-01 20:31:00.381  INFO 5952 --- [main] o.hibernate.jpa.internal.util.LogHelper  : HHH000204: Processing PersistenceUnitInfo [name: default]
2021-09-01 20:31:00.421  INFO 5952 --- [main] org.hibernate.Version                    : HHH000412: Hibernate ORM core version 5.4.32.Final
2021-09-01 20:31:00.524  INFO 5952 --- [main] o.hibernate.annotations.common.Version   : HCANN000001: Hibernate Commons Annotations {5.1.2.Final}
2021-09-01 20:31:00.615  INFO 5952 --- [main] org.hibernate.dialect.Dialect            : HHH000400: Using dialect: org.hibernate.dialect.H2Dialect
2021-09-01 20:31:01.189  INFO 5952 --- [main] o.h.e.t.j.p.i.JtaPlatformInitiator       : HHH000490: Using JtaPlatform implementation: [org.hibernate.engine.transaction.jta.platform.internal.NoJtaPlatform]
2021-09-01 20:31:01.198  INFO 5952 --- [main] j.LocalContainerEntityManagerFactoryBean : Initialized JPA EntityManagerFactory for persistence unit 'default'
2021-09-01 20:31:01.492  WARN 5952 --- [main] ConfigServletWebServerApplicationContext : Exception encountered during context initialization - cancelling refresh attempt: org.springframework.beans.factory.UnsatisfiedDependencyException: Error creating bean with name 'courseController' defined in file [C:\Users\Katafrakt\Desktop\fourth-homework-avemphract\target\classes\dev\patika\fourthhomeworkavemphract\controller\CourseController.class]: Unsatisfied dependency expressed through constructor parameter 0; nested exception is org.springframework.beans.factory.UnsatisfiedDependencyException: Error creating bean with name 'courseService' defined in file [C:\Users\Katafrakt\Desktop\fourth-homework-avemphract\target\classes\dev\patika\fourthhomeworkavemphract\service\CourseService.class]: Unsatisfied dependency expressed through constructor parameter 1; nested exception is org.springframework.beans.factory.NoSuchBeanDefinitionException: No qualifying bean of type 'dev.patika.fourthhomeworkavemphract.mapper.CourseMapper' available: expected at least 1 bean which qualifies as autowire candidate. Dependency annotations: {}
2021-09-01 20:31:01.493  INFO 5952 --- [main] j.LocalContainerEntityManagerFactoryBean : Closing JPA EntityManagerFactory for persistence unit 'default'
2021-09-01 20:31:01.496  INFO 5952 --- [main] .SchemaDropperImpl$DelayedDropActionImpl : HHH000477: Starting delayed evictData of schema as part of SessionFactory shut-down'
2021-09-01 20:31:01.502  INFO 5952 --- [main] com.zaxxer.hikari.HikariDataSource       : HikariPool-1 - Shutdown initiated...
2021-09-01 20:31:01.503  INFO 5952 --- [main] com.zaxxer.hikari.HikariDataSource       : HikariPool-1 - Shutdown completed.
2021-09-01 20:31:01.504  INFO 5952 --- [main] o.apache.catalina.core.StandardService   : Stopping service [Tomcat]
2021-09-01 20:31:01.517  INFO 5952 --- [main] ConditionEvaluationReportLoggingListener : 

Error starting ApplicationContext. To display the conditions report re-run your application with 'debug' enabled.
2021-09-01 20:31:01.534 ERROR 5952 --- [main] o.s.b.d.LoggingFailureAnalysisReporter   : 

***************************
APPLICATION FAILED TO START
***************************

Description:

Parameter 1 of constructor in dev.patika.fourthhomeworkavemphract.service.CourseService required a bean of type 'dev.patika.fourthhomeworkavemphract.mapper.CourseMapper' that could not be found.


Action:

Consider defining a bean of type 'dev.patika.fourthhomeworkavemphract.mapper.CourseMapper' in your configuration.

2021-09-01 20:32:26.041  INFO 21864 --- [main] .p.f.FourthHomeworkAvemphractApplication : Starting FourthHomeworkAvemphractApplication using Java 1.8.0_292 on DESKTOP-1DBCT9N with PID 21864 (C:\Users\Katafrakt\Desktop\fourth-homework-avemphract\target\classes started by Katafrakt in C:\Users\Katafrakt\Desktop\fourth-homework-avemphract)
2021-09-01 20:32:26.044  INFO 21864 --- [main] .p.f.FourthHomeworkAvemphractApplication : No active profile set, falling back to default profiles: default
2021-09-01 20:32:26.825  INFO 21864 --- [main] .s.d.r.c.RepositoryConfigurationDelegate : Bootstrapping Spring Data JPA repositories in DEFAULT mode.
2021-09-01 20:32:26.884  INFO 21864 --- [main] .s.d.r.c.RepositoryConfigurationDelegate : Finished Spring Data repository scanning in 49 ms. Found 3 JPA repository interfaces.
2021-09-01 20:32:27.293  INFO 21864 --- [main] o.s.b.w.embedded.tomcat.TomcatWebServer  : Tomcat initialized with port(s): 8080 (http)
2021-09-01 20:32:27.300  INFO 21864 --- [main] o.apache.catalina.core.StandardService   : Starting service [Tomcat]
2021-09-01 20:32:27.300  INFO 21864 --- [main] org.apache.catalina.core.StandardEngine  : Starting Servlet engine: [Apache Tomcat/9.0.52]
2021-09-01 20:32:27.368  INFO 21864 --- [main] o.a.c.c.C.[Tomcat].[localhost].[/]       : Initializing Spring embedded WebApplicationContext
2021-09-01 20:32:27.368  INFO 21864 --- [main] w.s.c.ServletWebServerApplicationContext : Root WebApplicationContext: initialization completed in 1286 ms
2021-09-01 20:32:27.445  INFO 21864 --- [main] com.zaxxer.hikari.HikariDataSource       : HikariPool-1 - Starting...
2021-09-01 20:32:27.524  INFO 21864 --- [main] com.zaxxer.hikari.HikariDataSource       : HikariPool-1 - Start completed.
2021-09-01 20:32:27.529  INFO 21864 --- [main] o.s.b.a.h2.H2ConsoleAutoConfiguration    : H2 console available at '/h2-console'. Database available at 'jdbc:h2:mem:testdb'
2021-09-01 20:32:27.703  INFO 21864 --- [main] o.hibernate.jpa.internal.util.LogHelper  : HHH000204: Processing PersistenceUnitInfo [name: default]
2021-09-01 20:32:27.742  INFO 21864 --- [main] org.hibernate.Version                    : HHH000412: Hibernate ORM core version 5.4.32.Final
2021-09-01 20:32:27.841  INFO 21864 --- [main] o.hibernate.annotations.common.Version   : HCANN000001: Hibernate Commons Annotations {5.1.2.Final}
2021-09-01 20:32:27.927  INFO 21864 --- [main] org.hibernate.dialect.Dialect            : HHH000400: Using dialect: org.hibernate.dialect.H2Dialect
2021-09-01 20:32:28.469  INFO 21864 --- [main] o.h.e.t.j.p.i.JtaPlatformInitiator       : HHH000490: Using JtaPlatform implementation: [org.hibernate.engine.transaction.jta.platform.internal.NoJtaPlatform]
2021-09-01 20:32:28.478  INFO 21864 --- [main] j.LocalContainerEntityManagerFactoryBean : Initialized JPA EntityManagerFactory for persistence unit 'default'
2021-09-01 20:32:28.809  WARN 21864 --- [main] JpaBaseConfiguration$JpaWebConfiguration : spring.jpa.open-in-view is enabled by default. Therefore, database queries may be performed during view rendering. Explicitly configure spring.jpa.open-in-view to disable this warning
2021-09-01 20:32:29.206  INFO 21864 --- [main] .s.s.UserDetailsServiceAutoConfiguration : 

Using generated security password: 6e7ca247-7697-4546-9809-b8b5418dd762

2021-09-01 20:32:29.290  INFO 21864 --- [main] o.s.b.a.e.web.EndpointLinksResolver      : Exposing 14 endpoint(s) beneath base path '/actuator'
2021-09-01 20:32:29.304  INFO 21864 --- [main] o.s.s.web.DefaultSecurityFilterChain     : Will secure any request with [org.springframework.security.web.context.request.async.WebAsyncManagerIntegrationFilter@1827fc4e, org.springframework.security.web.context.SecurityContextPersistenceFilter@60194904, org.springframework.security.web.header.HeaderWriterFilter@2ce47652, org.springframework.web.filter.CorsFilter@4c41a177, org.springframework.security.web.csrf.CsrfFilter@62b786dc, org.springframework.security.web.authentication.logout.LogoutFilter@4cc4d454, org.springframework.security.web.authentication.UsernamePasswordAuthenticationFilter@6906be0f, org.springframework.security.web.authentication.ui.DefaultLoginPageGeneratingFilter@3bcc8f13, org.springframework.security.web.authentication.ui.DefaultLogoutPageGeneratingFilter@2faf6e4a, org.springframework.security.web.authentication.www.BasicAuthenticationFilter@52d63b7e, org.springframework.security.web.savedrequest.RequestCacheAwareFilter@7742a276, org.springframework.security.web.servletapi.SecurityContextHolderAwareRequestFilter@732d078d, org.springframework.security.web.authentication.AnonymousAuthenticationFilter@43ab0659, org.springframework.security.web.session.SessionManagementFilter@2a42019a, org.springframework.security.web.access.ExceptionTranslationFilter@2493eec6, org.springframework.security.web.access.intercept.FilterSecurityInterceptor@36a58466]
2021-09-01 20:32:29.407  INFO 21864 --- [main] o.s.b.w.embedded.tomcat.TomcatWebServer  : Tomcat started on port(s): 8080 (http) with context path ''
2021-09-01 20:32:29.420  INFO 21864 --- [main] .p.f.FourthHomeworkAvemphractApplication : Started FourthHomeworkAvemphractApplication in 4.05 seconds (JVM running for 6.598)
2021-09-01 20:32:30.135  INFO 21864 --- [RMI TCP Connection(1)-192.168.56.1] o.a.c.c.C.[Tomcat].[localhost].[/]       : Initializing Spring DispatcherServlet 'dispatcherServlet'
2021-09-01 20:32:30.136  INFO 21864 --- [RMI TCP Connection(1)-192.168.56.1] o.s.web.servlet.DispatcherServlet        : Initializing Servlet 'dispatcherServlet'
2021-09-01 20:32:30.137  INFO 21864 --- [RMI TCP Connection(1)-192.168.56.1] o.s.web.servlet.DispatcherServlet        : Completed initialization in 1 ms
2021-09-01 20:33:10.097  INFO 21864 --- [SpringApplicationShutdownHook] j.LocalContainerEntityManagerFactoryBean : Closing JPA EntityManagerFactory for persistence unit 'default'
2021-09-01 20:33:10.097  INFO 21864 --- [SpringApplicationShutdownHook] .SchemaDropperImpl$DelayedDropActionImpl : HHH000477: Starting delayed evictData of schema as part of SessionFactory shut-down'
2021-09-01 20:33:10.103  INFO 21864 --- [SpringApplicationShutdownHook] com.zaxxer.hikari.HikariDataSource       : HikariPool-1 - Shutdown initiated...
2021-09-01 20:33:10.106  INFO 21864 --- [SpringApplicationShutdownHook] com.zaxxer.hikari.HikariDataSource       : HikariPool-1 - Shutdown completed.
2021-09-01 20:35:41.654  INFO 21780 --- [main] .p.f.FourthHomeworkAvemphractApplication : Starting FourthHomeworkAvemphractApplication using Java 1.8.0_292 on DESKTOP-1DBCT9N with PID 21780 (C:\Users\Katafrakt\Desktop\fourth-homework-avemphract\target\classes started by Katafrakt in C:\Users\Katafrakt\Desktop\fourth-homework-avemphract)
2021-09-01 20:35:41.656  INFO 21780 --- [main] .p.f.FourthHomeworkAvemphractApplication : No active profile set, falling back to default profiles: default
2021-09-01 20:35:42.507  INFO 21780 --- [main] .s.d.r.c.RepositoryConfigurationDelegate : Bootstrapping Spring Data JPA repositories in DEFAULT mode.
2021-09-01 20:35:42.555  INFO 21780 --- [main] .s.d.r.c.RepositoryConfigurationDelegate : Finished Spring Data repository scanning in 40 ms. Found 3 JPA repository interfaces.
2021-09-01 20:35:42.953  INFO 21780 --- [main] o.s.b.w.embedded.tomcat.TomcatWebServer  : Tomcat initialized with port(s): 8080 (http)
2021-09-01 20:35:42.960  INFO 21780 --- [main] o.apache.catalina.core.StandardService   : Starting service [Tomcat]
2021-09-01 20:35:42.960  INFO 21780 --- [main] org.apache.catalina.core.StandardEngine  : Starting Servlet engine: [Apache Tomcat/9.0.52]
2021-09-01 20:35:43.038  INFO 21780 --- [main] o.a.c.c.C.[Tomcat].[localhost].[/]       : Initializing Spring embedded WebApplicationContext
2021-09-01 20:35:43.039  INFO 21780 --- [main] w.s.c.ServletWebServerApplicationContext : Root WebApplicationContext: initialization completed in 1349 ms
2021-09-01 20:35:43.113  INFO 21780 --- [main] com.zaxxer.hikari.HikariDataSource       : HikariPool-1 - Starting...
2021-09-01 20:35:43.190  INFO 21780 --- [main] com.zaxxer.hikari.HikariDataSource       : HikariPool-1 - Start completed.
2021-09-01 20:35:43.196  INFO 21780 --- [main] o.s.b.a.h2.H2ConsoleAutoConfiguration    : H2 console available at '/h2-console'. Database available at 'jdbc:h2:mem:testdb'
2021-09-01 20:35:43.327  INFO 21780 --- [main] o.hibernate.jpa.internal.util.LogHelper  : HHH000204: Processing PersistenceUnitInfo [name: default]
2021-09-01 20:35:43.426  INFO 21780 --- [main] org.hibernate.Version                    : HHH000412: Hibernate ORM core version 5.4.32.Final
2021-09-01 20:35:43.528  INFO 21780 --- [main] o.hibernate.annotations.common.Version   : HCANN000001: Hibernate Commons Annotations {5.1.2.Final}
2021-09-01 20:35:43.613  INFO 21780 --- [main] org.hibernate.dialect.Dialect            : HHH000400: Using dialect: org.hibernate.dialect.H2Dialect
2021-09-01 20:35:44.168  INFO 21780 --- [main] o.h.e.t.j.p.i.JtaPlatformInitiator       : HHH000490: Using JtaPlatform implementation: [org.hibernate.engine.transaction.jta.platform.internal.NoJtaPlatform]
2021-09-01 20:35:44.176  INFO 21780 --- [main] j.LocalContainerEntityManagerFactoryBean : Initialized JPA EntityManagerFactory for persistence unit 'default'
2021-09-01 20:35:44.492  WARN 21780 --- [main] JpaBaseConfiguration$JpaWebConfiguration : spring.jpa.open-in-view is enabled by default. Therefore, database queries may be performed during view rendering. Explicitly configure spring.jpa.open-in-view to disable this warning
2021-09-01 20:35:44.866  INFO 21780 --- [main] .s.s.UserDetailsServiceAutoConfiguration : 

Using generated security password: bc4aa5d6-3a7a-4324-b332-2ce385d527c2

2021-09-01 20:35:44.949  INFO 21780 --- [main] o.s.b.a.e.web.EndpointLinksResolver      : Exposing 14 endpoint(s) beneath base path '/actuator'
2021-09-01 20:35:44.962  INFO 21780 --- [main] o.s.s.web.DefaultSecurityFilterChain     : Will secure any request with [org.springframework.security.web.context.request.async.WebAsyncManagerIntegrationFilter@6ac9b66b, org.springframework.security.web.context.SecurityContextPersistenceFilter@732d078d, org.springframework.security.web.header.HeaderWriterFilter@1f48fa72, org.springframework.web.filter.CorsFilter@4491eaeb, org.springframework.security.web.csrf.CsrfFilter@3de88f64, org.springframework.security.web.authentication.logout.LogoutFilter@26270b77, org.springframework.security.web.authentication.UsernamePasswordAuthenticationFilter@6bf0f70a, org.springframework.security.web.authentication.ui.DefaultLoginPageGeneratingFilter@6b751cb1, org.springframework.security.web.authentication.ui.DefaultLogoutPageGeneratingFilter@71262020, org.springframework.security.web.authentication.www.BasicAuthenticationFilter@25421809, org.springframework.security.web.savedrequest.RequestCacheAwareFilter@7c0e4e4e, org.springframework.security.web.servletapi.SecurityContextHolderAwareRequestFilter@3cb04dd, org.springframework.security.web.authentication.AnonymousAuthenticationFilter@5f3ddc86, org.springframework.security.web.session.SessionManagementFilter@495da9a7, org.springframework.security.web.access.ExceptionTranslationFilter@6fc0e448, org.springframework.security.web.access.intercept.FilterSecurityInterceptor@53525379]
2021-09-01 20:35:45.064  INFO 21780 --- [main] o.s.b.w.embedded.tomcat.TomcatWebServer  : Tomcat started on port(s): 8080 (http) with context path ''
2021-09-01 20:35:45.076  INFO 21780 --- [main] .p.f.FourthHomeworkAvemphractApplication : Started FourthHomeworkAvemphractApplication in 3.794 seconds (JVM running for 4.719)
2021-09-01 20:35:45.272  INFO 21780 --- [RMI TCP Connection(1)-192.168.56.1] o.a.c.c.C.[Tomcat].[localhost].[/]       : Initializing Spring DispatcherServlet 'dispatcherServlet'
2021-09-01 20:35:45.272  INFO 21780 --- [RMI TCP Connection(1)-192.168.56.1] o.s.web.servlet.DispatcherServlet        : Initializing Servlet 'dispatcherServlet'
2021-09-01 20:35:45.273  INFO 21780 --- [RMI TCP Connection(1)-192.168.56.1] o.s.web.servlet.DispatcherServlet        : Completed initialization in 1 ms
2021-09-01 20:37:22.723  INFO 21780 --- [SpringApplicationShutdownHook] j.LocalContainerEntityManagerFactoryBean : Closing JPA EntityManagerFactory for persistence unit 'default'
2021-09-01 20:37:22.723  INFO 21780 --- [SpringApplicationShutdownHook] .SchemaDropperImpl$DelayedDropActionImpl : HHH000477: Starting delayed evictData of schema as part of SessionFactory shut-down'
2021-09-01 20:37:22.728  INFO 21780 --- [SpringApplicationShutdownHook] com.zaxxer.hikari.HikariDataSource       : HikariPool-1 - Shutdown initiated...
2021-09-01 20:37:22.732  INFO 21780 --- [SpringApplicationShutdownHook] com.zaxxer.hikari.HikariDataSource       : HikariPool-1 - Shutdown completed.
2021-09-01 20:37:33.299  INFO 11332 --- [main] .p.f.FourthHomeworkAvemphractApplication : Starting FourthHomeworkAvemphractApplication using Java 1.8.0_292 on DESKTOP-1DBCT9N with PID 11332 (C:\Users\Katafrakt\Desktop\fourth-homework-avemphract\target\classes started by Katafrakt in C:\Users\Katafrakt\Desktop\fourth-homework-avemphract)
2021-09-01 20:37:33.302  INFO 11332 --- [main] .p.f.FourthHomeworkAvemphractApplication : No active profile set, falling back to default profiles: default
2021-09-01 20:37:34.253  INFO 11332 --- [main] .s.d.r.c.RepositoryConfigurationDelegate : Bootstrapping Spring Data JPA repositories in DEFAULT mode.
2021-09-01 20:37:34.332  INFO 11332 --- [main] .s.d.r.c.RepositoryConfigurationDelegate : Finished Spring Data repository scanning in 68 ms. Found 3 JPA repository interfaces.
2021-09-01 20:37:34.744  INFO 11332 --- [main] o.s.b.w.embedded.tomcat.TomcatWebServer  : Tomcat initialized with port(s): 8080 (http)
2021-09-01 20:37:34.752  INFO 11332 --- [main] o.apache.catalina.core.StandardService   : Starting service [Tomcat]
2021-09-01 20:37:34.752  INFO 11332 --- [main] org.apache.catalina.core.StandardEngine  : Starting Servlet engine: [Apache Tomcat/9.0.52]
2021-09-01 20:37:34.830  INFO 11332 --- [main] o.a.c.c.C.[Tomcat].[localhost].[/]       : Initializing Spring embedded WebApplicationContext
2021-09-01 20:37:34.831  INFO 11332 --- [main] w.s.c.ServletWebServerApplicationContext : Root WebApplicationContext: initialization completed in 1482 ms
2021-09-01 20:37:34.904  INFO 11332 --- [main] com.zaxxer.hikari.HikariDataSource       : HikariPool-1 - Starting...
2021-09-01 20:37:34.987  INFO 11332 --- [main] com.zaxxer.hikari.HikariDataSource       : HikariPool-1 - Start completed.
2021-09-01 20:37:34.991  INFO 11332 --- [main] o.s.b.a.h2.H2ConsoleAutoConfiguration    : H2 console available at '/h2-console'. Database available at 'jdbc:h2:mem:testdb'
2021-09-01 20:37:35.154  INFO 11332 --- [main] o.hibernate.jpa.internal.util.LogHelper  : HHH000204: Processing PersistenceUnitInfo [name: default]
2021-09-01 20:37:35.192  INFO 11332 --- [main] org.hibernate.Version                    : HHH000412: Hibernate ORM core version 5.4.32.Final
2021-09-01 20:37:35.291  INFO 11332 --- [main] o.hibernate.annotations.common.Version   : HCANN000001: Hibernate Commons Annotations {5.1.2.Final}
2021-09-01 20:37:35.376  INFO 11332 --- [main] org.hibernate.dialect.Dialect            : HHH000400: Using dialect: org.hibernate.dialect.H2Dialect
2021-09-01 20:37:35.976  INFO 11332 --- [main] o.h.e.t.j.p.i.JtaPlatformInitiator       : HHH000490: Using JtaPlatform implementation: [org.hibernate.engine.transaction.jta.platform.internal.NoJtaPlatform]
2021-09-01 20:37:35.984  INFO 11332 --- [main] j.LocalContainerEntityManagerFactoryBean : Initialized JPA EntityManagerFactory for persistence unit 'default'
2021-09-01 20:37:36.358  WARN 11332 --- [main] JpaBaseConfiguration$JpaWebConfiguration : spring.jpa.open-in-view is enabled by default. Therefore, database queries may be performed during view rendering. Explicitly configure spring.jpa.open-in-view to disable this warning
2021-09-01 20:37:36.797  INFO 11332 --- [main] o.s.b.a.e.web.EndpointLinksResolver      : Exposing 14 endpoint(s) beneath base path '/actuator'
2021-09-01 20:37:36.845  INFO 11332 --- [main] o.s.b.w.embedded.tomcat.TomcatWebServer  : Tomcat started on port(s): 8080 (http) with context path ''
2021-09-01 20:37:36.859  INFO 11332 --- [main] .p.f.FourthHomeworkAvemphractApplication : Started FourthHomeworkAvemphractApplication in 4.05 seconds (JVM running for 5.407)
2021-09-01 20:37:37.461  INFO 11332 --- [RMI TCP Connection(2)-192.168.56.1] o.a.c.c.C.[Tomcat].[localhost].[/]       : Initializing Spring DispatcherServlet 'dispatcherServlet'
2021-09-01 20:37:37.462  INFO 11332 --- [RMI TCP Connection(2)-192.168.56.1] o.s.web.servlet.DispatcherServlet        : Initializing Servlet 'dispatcherServlet'
2021-09-01 20:37:37.463  INFO 11332 --- [RMI TCP Connection(2)-192.168.56.1] o.s.web.servlet.DispatcherServlet        : Completed initialization in 1 ms
2021-09-01 20:39:22.472  INFO 11332 --- [SpringApplicationShutdownHook] j.LocalContainerEntityManagerFactoryBean : Closing JPA EntityManagerFactory for persistence unit 'default'
2021-09-01 20:39:22.472  INFO 11332 --- [SpringApplicationShutdownHook] .SchemaDropperImpl$DelayedDropActionImpl : HHH000477: Starting delayed evictData of schema as part of SessionFactory shut-down'
2021-09-01 20:39:22.477  INFO 11332 --- [SpringApplicationShutdownHook] com.zaxxer.hikari.HikariDataSource       : HikariPool-1 - Shutdown initiated...
2021-09-01 20:39:22.481  INFO 11332 --- [SpringApplicationShutdownHook] com.zaxxer.hikari.HikariDataSource       : HikariPool-1 - Shutdown completed.
2021-09-01 20:39:27.189  INFO 19464 --- [main] .p.f.FourthHomeworkAvemphractApplication : Starting FourthHomeworkAvemphractApplication using Java 1.8.0_292 on DESKTOP-1DBCT9N with PID 19464 (C:\Users\Katafrakt\Desktop\fourth-homework-avemphract\target\classes started by Katafrakt in C:\Users\Katafrakt\Desktop\fourth-homework-avemphract)
2021-09-01 20:39:27.191  INFO 19464 --- [main] .p.f.FourthHomeworkAvemphractApplication : No active profile set, falling back to default profiles: default
2021-09-01 20:39:27.962  INFO 19464 --- [main] .s.d.r.c.RepositoryConfigurationDelegate : Bootstrapping Spring Data JPA repositories in DEFAULT mode.
2021-09-01 20:39:28.015  INFO 19464 --- [main] .s.d.r.c.RepositoryConfigurationDelegate : Finished Spring Data repository scanning in 44 ms. Found 3 JPA repository interfaces.
2021-09-01 20:39:28.381  INFO 19464 --- [main] o.s.b.w.embedded.tomcat.TomcatWebServer  : Tomcat initialized with port(s): 8080 (http)
2021-09-01 20:39:28.387  INFO 19464 --- [main] o.apache.catalina.core.StandardService   : Starting service [Tomcat]
2021-09-01 20:39:28.387  INFO 19464 --- [main] org.apache.catalina.core.StandardEngine  : Starting Servlet engine: [Apache Tomcat/9.0.52]
2021-09-01 20:39:28.468  INFO 19464 --- [main] o.a.c.c.C.[Tomcat].[localhost].[/]       : Initializing Spring embedded WebApplicationContext
2021-09-01 20:39:28.468  INFO 19464 --- [main] w.s.c.ServletWebServerApplicationContext : Root WebApplicationContext: initialization completed in 1239 ms
2021-09-01 20:39:28.543  INFO 19464 --- [main] com.zaxxer.hikari.HikariDataSource       : HikariPool-1 - Starting...
2021-09-01 20:39:28.628  INFO 19464 --- [main] com.zaxxer.hikari.HikariDataSource       : HikariPool-1 - Start completed.
2021-09-01 20:39:28.632  INFO 19464 --- [main] o.s.b.a.h2.H2ConsoleAutoConfiguration    : H2 console available at '/h2-console'. Database available at 'jdbc:h2:mem:testdb'
2021-09-01 20:39:28.801  INFO 19464 --- [main] o.hibernate.jpa.internal.util.LogHelper  : HHH000204: Processing PersistenceUnitInfo [name: default]
2021-09-01 20:39:28.838  INFO 19464 --- [main] org.hibernate.Version                    : HHH000412: Hibernate ORM core version 5.4.32.Final
2021-09-01 20:39:28.938  INFO 19464 --- [main] o.hibernate.annotations.common.Version   : HCANN000001: Hibernate Commons Annotations {5.1.2.Final}
2021-09-01 20:39:29.026  INFO 19464 --- [main] org.hibernate.dialect.Dialect            : HHH000400: Using dialect: org.hibernate.dialect.H2Dialect
2021-09-01 20:39:29.562  INFO 19464 --- [main] o.h.e.t.j.p.i.JtaPlatformInitiator       : HHH000490: Using JtaPlatform implementation: [org.hibernate.engine.transaction.jta.platform.internal.NoJtaPlatform]
2021-09-01 20:39:29.571  INFO 19464 --- [main] j.LocalContainerEntityManagerFactoryBean : Initialized JPA EntityManagerFactory for persistence unit 'default'
2021-09-01 20:39:29.889  WARN 19464 --- [main] JpaBaseConfiguration$JpaWebConfiguration : spring.jpa.open-in-view is enabled by default. Therefore, database queries may be performed during view rendering. Explicitly configure spring.jpa.open-in-view to disable this warning
2021-09-01 20:39:30.271  INFO 19464 --- [main] o.s.b.a.e.web.EndpointLinksResolver      : Exposing 14 endpoint(s) beneath base path '/actuator'
2021-09-01 20:39:30.307  INFO 19464 --- [main] o.s.b.w.embedded.tomcat.TomcatWebServer  : Tomcat started on port(s): 8080 (http) with context path ''
2021-09-01 20:39:30.318  INFO 19464 --- [main] .p.f.FourthHomeworkAvemphractApplication : Started FourthHomeworkAvemphractApplication in 3.495 seconds (JVM running for 4.387)
2021-09-01 20:39:31.001  INFO 19464 --- [RMI TCP Connection(1)-192.168.56.1] o.a.c.c.C.[Tomcat].[localhost].[/]       : Initializing Spring DispatcherServlet 'dispatcherServlet'
2021-09-01 20:39:31.001  INFO 19464 --- [RMI TCP Connection(1)-192.168.56.1] o.s.web.servlet.DispatcherServlet        : Initializing Servlet 'dispatcherServlet'
2021-09-01 20:39:31.002  INFO 19464 --- [RMI TCP Connection(1)-192.168.56.1] o.s.web.servlet.DispatcherServlet        : Completed initialization in 1 ms
2021-09-01 20:40:28.466  INFO 19464 --- [SpringApplicationShutdownHook] j.LocalContainerEntityManagerFactoryBean : Closing JPA EntityManagerFactory for persistence unit 'default'
2021-09-01 20:40:28.467  INFO 19464 --- [SpringApplicationShutdownHook] .SchemaDropperImpl$DelayedDropActionImpl : HHH000477: Starting delayed evictData of schema as part of SessionFactory shut-down'
2021-09-01 20:40:28.472  INFO 19464 --- [SpringApplicationShutdownHook] com.zaxxer.hikari.HikariDataSource       : HikariPool-1 - Shutdown initiated...
2021-09-01 20:40:28.475  INFO 19464 --- [SpringApplicationShutdownHook] com.zaxxer.hikari.HikariDataSource       : HikariPool-1 - Shutdown completed.
2021-09-01 20:40:33.701  INFO 12212 --- [main] .p.f.FourthHomeworkAvemphractApplication : Starting FourthHomeworkAvemphractApplication using Java 1.8.0_292 on DESKTOP-1DBCT9N with PID 12212 (C:\Users\Katafrakt\Desktop\fourth-homework-avemphract\target\classes started by Katafrakt in C:\Users\Katafrakt\Desktop\fourth-homework-avemphract)
2021-09-01 20:40:33.703  INFO 12212 --- [main] .p.f.FourthHomeworkAvemphractApplication : No active profile set, falling back to default profiles: default
2021-09-01 20:40:34.632  INFO 12212 --- [main] .s.d.r.c.RepositoryConfigurationDelegate : Bootstrapping Spring Data JPA repositories in DEFAULT mode.
2021-09-01 20:40:34.683  INFO 12212 --- [main] .s.d.r.c.RepositoryConfigurationDelegate : Finished Spring Data repository scanning in 43 ms. Found 3 JPA repository interfaces.
2021-09-01 20:40:35.084  INFO 12212 --- [main] o.s.b.w.embedded.tomcat.TomcatWebServer  : Tomcat initialized with port(s): 8080 (http)
2021-09-01 20:40:35.091  INFO 12212 --- [main] o.apache.catalina.core.StandardService   : Starting service [Tomcat]
2021-09-01 20:40:35.091  INFO 12212 --- [main] org.apache.catalina.core.StandardEngine  : Starting Servlet engine: [Apache Tomcat/9.0.52]
2021-09-01 20:40:35.152  INFO 12212 --- [main] o.a.c.c.C.[Tomcat].[localhost].[/]       : Initializing Spring embedded WebApplicationContext
2021-09-01 20:40:35.152  INFO 12212 --- [main] w.s.c.ServletWebServerApplicationContext : Root WebApplicationContext: initialization completed in 1399 ms
2021-09-01 20:40:35.226  INFO 12212 --- [main] com.zaxxer.hikari.HikariDataSource       : HikariPool-1 - Starting...
2021-09-01 20:40:35.306  INFO 12212 --- [main] com.zaxxer.hikari.HikariDataSource       : HikariPool-1 - Start completed.
2021-09-01 20:40:35.311  INFO 12212 --- [main] o.s.b.a.h2.H2ConsoleAutoConfiguration    : H2 console available at '/h2-console'. Database available at 'jdbc:h2:mem:testdb'
2021-09-01 20:40:35.495  INFO 12212 --- [main] o.hibernate.jpa.internal.util.LogHelper  : HHH000204: Processing PersistenceUnitInfo [name: default]
2021-09-01 20:40:35.532  INFO 12212 --- [main] org.hibernate.Version                    : HHH000412: Hibernate ORM core version 5.4.32.Final
2021-09-01 20:40:35.631  INFO 12212 --- [main] o.hibernate.annotations.common.Version   : HCANN000001: Hibernate Commons Annotations {5.1.2.Final}
2021-09-01 20:40:35.716  INFO 12212 --- [main] org.hibernate.dialect.Dialect            : HHH000400: Using dialect: org.hibernate.dialect.H2Dialect
2021-09-01 20:40:36.255  INFO 12212 --- [main] o.h.e.t.j.p.i.JtaPlatformInitiator       : HHH000490: Using JtaPlatform implementation: [org.hibernate.engine.transaction.jta.platform.internal.NoJtaPlatform]
2021-09-01 20:40:36.263  INFO 12212 --- [main] j.LocalContainerEntityManagerFactoryBean : Initialized JPA EntityManagerFactory for persistence unit 'default'
2021-09-01 20:40:36.711  WARN 12212 --- [main] JpaBaseConfiguration$JpaWebConfiguration : spring.jpa.open-in-view is enabled by default. Therefore, database queries may be performed during view rendering. Explicitly configure spring.jpa.open-in-view to disable this warning
2021-09-01 20:40:36.856  INFO 12212 --- [main] o.s.b.a.e.web.EndpointLinksResolver      : Exposing 14 endpoint(s) beneath base path '/actuator'
2021-09-01 20:40:36.909  INFO 12212 --- [main] pertySourcedRequestMappingHandlerMapping : Mapped URL path [/v2/api-docs] onto method [springfox.documentation.swagger2.web.Swagger2Controller#getDocumentation(String, HttpServletRequest)]
2021-09-01 20:40:37.175  INFO 12212 --- [main] o.s.b.w.embedded.tomcat.TomcatWebServer  : Tomcat started on port(s): 8080 (http) with context path ''
2021-09-01 20:40:37.176  INFO 12212 --- [main] d.s.w.p.DocumentationPluginsBootstrapper : Context refreshed
2021-09-01 20:40:37.316  INFO 12212 --- [main] d.s.w.p.DocumentationPluginsBootstrapper : Found 1 custom documentation plugin(s)
2021-09-01 20:40:37.352  INFO 12212 --- [main] s.d.s.w.s.ApiListingReferenceScanner     : Scanning for api listing references
2021-09-01 20:40:37.460  INFO 12212 --- [main] .d.s.w.r.o.CachingOperationNameGenerator : Generating unique operation named: handleUsingGET_1
2021-09-01 20:40:37.462  INFO 12212 --- [main] .d.s.w.r.o.CachingOperationNameGenerator : Generating unique operation named: handleUsingDELETE_1
2021-09-01 20:40:37.463  INFO 12212 --- [main] .d.s.w.r.o.CachingOperationNameGenerator : Generating unique operation named: handleUsingGET_2
2021-09-01 20:40:37.465  INFO 12212 --- [main] .d.s.w.r.o.CachingOperationNameGenerator : Generating unique operation named: handleUsingGET_3
2021-09-01 20:40:37.466  INFO 12212 --- [main] .d.s.w.r.o.CachingOperationNameGenerator : Generating unique operation named: handleUsingGET_4
2021-09-01 20:40:37.467  INFO 12212 --- [main] .d.s.w.r.o.CachingOperationNameGenerator : Generating unique operation named: handleUsingGET_5
2021-09-01 20:40:37.468  INFO 12212 --- [main] .d.s.w.r.o.CachingOperationNameGenerator : Generating unique operation named: handleUsingGET_6
2021-09-01 20:40:37.469  INFO 12212 --- [main] .d.s.w.r.o.CachingOperationNameGenerator : Generating unique operation named: handleUsingGET_7
2021-09-01 20:40:37.470  INFO 12212 --- [main] .d.s.w.r.o.CachingOperationNameGenerator : Generating unique operation named: handleUsingGET_8
2021-09-01 20:40:37.471  INFO 12212 --- [main] .d.s.w.r.o.CachingOperationNameGenerator : Generating unique operation named: handleUsingGET_9
2021-09-01 20:40:37.472  INFO 12212 --- [main] .d.s.w.r.o.CachingOperationNameGenerator : Generating unique operation named: handleUsingGET_10
2021-09-01 20:40:37.474  INFO 12212 --- [main] .d.s.w.r.o.CachingOperationNameGenerator : Generating unique operation named: handleUsingGET_11
2021-09-01 20:40:37.475  INFO 12212 --- [main] .d.s.w.r.o.CachingOperationNameGenerator : Generating unique operation named: handleUsingGET_12
2021-09-01 20:40:37.476  INFO 12212 --- [main] .d.s.w.r.o.CachingOperationNameGenerator : Generating unique operation named: handleUsingGET_13
2021-09-01 20:40:37.478  INFO 12212 --- [main] .d.s.w.r.o.CachingOperationNameGenerator : Generating unique operation named: handleUsingGET_14
2021-09-01 20:40:37.479  INFO 12212 --- [main] .d.s.w.r.o.CachingOperationNameGenerator : Generating unique operation named: handleUsingGET_15
2021-09-01 20:40:37.480  INFO 12212 --- [main] .d.s.w.r.o.CachingOperationNameGenerator : Generating unique operation named: handleUsingGET_16
2021-09-01 20:40:37.481  INFO 12212 --- [main] .d.s.w.r.o.CachingOperationNameGenerator : Generating unique operation named: handleUsingGET_17
2021-09-01 20:40:37.482  INFO 12212 --- [main] .d.s.w.r.o.CachingOperationNameGenerator : Generating unique operation named: handleUsingGET_18
2021-09-01 20:40:37.483  INFO 12212 --- [main] .d.s.w.r.o.CachingOperationNameGenerator : Generating unique operation named: handleUsingGET_19
2021-09-01 20:40:37.504  INFO 12212 --- [main] .p.f.FourthHomeworkAvemphractApplication : Started FourthHomeworkAvemphractApplication in 4.18 seconds (JVM running for 5.068)
2021-09-01 20:40:38.065  INFO 12212 --- [RMI TCP Connection(2)-192.168.56.1] o.a.c.c.C.[Tomcat].[localhost].[/]       : Initializing Spring DispatcherServlet 'dispatcherServlet'
2021-09-01 20:40:38.065  INFO 12212 --- [RMI TCP Connection(2)-192.168.56.1] o.s.web.servlet.DispatcherServlet        : Initializing Servlet 'dispatcherServlet'
2021-09-01 20:40:38.067  INFO 12212 --- [RMI TCP Connection(2)-192.168.56.1] o.s.web.servlet.DispatcherServlet        : Completed initialization in 2 ms
2021-09-01 20:43:22.949  INFO 12212 --- [SpringApplicationShutdownHook] j.LocalContainerEntityManagerFactoryBean : Closing JPA EntityManagerFactory for persistence unit 'default'
2021-09-01 20:43:22.950  INFO 12212 --- [SpringApplicationShutdownHook] .SchemaDropperImpl$DelayedDropActionImpl : HHH000477: Starting delayed evictData of schema as part of SessionFactory shut-down'
2021-09-01 20:43:22.954  INFO 12212 --- [SpringApplicationShutdownHook] com.zaxxer.hikari.HikariDataSource       : HikariPool-1 - Shutdown initiated...
2021-09-01 20:43:22.957  INFO 12212 --- [SpringApplicationShutdownHook] com.zaxxer.hikari.HikariDataSource       : HikariPool-1 - Shutdown completed.
2021-09-01 20:43:31.415  INFO 3684 --- [main] .p.f.FourthHomeworkAvemphractApplication : Starting FourthHomeworkAvemphractApplication using Java 1.8.0_292 on DESKTOP-1DBCT9N with PID 3684 (C:\Users\Katafrakt\Desktop\fourth-homework-avemphract\target\classes started by Katafrakt in C:\Users\Katafrakt\Desktop\fourth-homework-avemphract)
2021-09-01 20:43:31.419  INFO 3684 --- [main] .p.f.FourthHomeworkAvemphractApplication : No active profile set, falling back to default profiles: default
2021-09-01 20:43:32.409  INFO 3684 --- [main] .s.d.r.c.RepositoryConfigurationDelegate : Bootstrapping Spring Data JPA repositories in DEFAULT mode.
2021-09-01 20:43:32.469  INFO 3684 --- [main] .s.d.r.c.RepositoryConfigurationDelegate : Finished Spring Data repository scanning in 47 ms. Found 3 JPA repository interfaces.
2021-09-01 20:43:33.046  INFO 3684 --- [main] o.s.b.w.embedded.tomcat.TomcatWebServer  : Tomcat initialized with port(s): 8080 (http)
2021-09-01 20:43:33.054  INFO 3684 --- [main] o.apache.catalina.core.StandardService   : Starting service [Tomcat]
2021-09-01 20:43:33.054  INFO 3684 --- [main] org.apache.catalina.core.StandardEngine  : Starting Servlet engine: [Apache Tomcat/9.0.52]
2021-09-01 20:43:33.137  INFO 3684 --- [main] o.a.c.c.C.[Tomcat].[localhost].[/]       : Initializing Spring embedded WebApplicationContext
2021-09-01 20:43:33.137  INFO 3684 --- [main] w.s.c.ServletWebServerApplicationContext : Root WebApplicationContext: initialization completed in 1668 ms
2021-09-01 20:43:33.232  INFO 3684 --- [main] com.zaxxer.hikari.HikariDataSource       : HikariPool-1 - Starting...
2021-09-01 20:43:33.328  INFO 3684 --- [main] com.zaxxer.hikari.HikariDataSource       : HikariPool-1 - Start completed.
2021-09-01 20:43:33.333  INFO 3684 --- [main] o.s.b.a.h2.H2ConsoleAutoConfiguration    : H2 console available at '/h2-console'. Database available at 'jdbc:h2:mem:testdb'
2021-09-01 20:43:33.544  INFO 3684 --- [main] o.hibernate.jpa.internal.util.LogHelper  : HHH000204: Processing PersistenceUnitInfo [name: default]
2021-09-01 20:43:33.588  INFO 3684 --- [main] org.hibernate.Version                    : HHH000412: Hibernate ORM core version 5.4.32.Final
2021-09-01 20:43:33.695  INFO 3684 --- [main] o.hibernate.annotations.common.Version   : HCANN000001: Hibernate Commons Annotations {5.1.2.Final}
2021-09-01 20:43:33.793  INFO 3684 --- [main] org.hibernate.dialect.Dialect            : HHH000400: Using dialect: org.hibernate.dialect.H2Dialect
2021-09-01 20:43:34.484  INFO 3684 --- [main] o.h.e.t.j.p.i.JtaPlatformInitiator       : HHH000490: Using JtaPlatform implementation: [org.hibernate.engine.transaction.jta.platform.internal.NoJtaPlatform]
2021-09-01 20:43:34.492  INFO 3684 --- [main] j.LocalContainerEntityManagerFactoryBean : Initialized JPA EntityManagerFactory for persistence unit 'default'
2021-09-01 20:43:34.947  WARN 3684 --- [main] JpaBaseConfiguration$JpaWebConfiguration : spring.jpa.open-in-view is enabled by default. Therefore, database queries may be performed during view rendering. Explicitly configure spring.jpa.open-in-view to disable this warning
2021-09-01 20:43:35.114  INFO 3684 --- [main] o.s.b.a.e.web.EndpointLinksResolver      : Exposing 14 endpoint(s) beneath base path '/actuator'
2021-09-01 20:43:35.169  INFO 3684 --- [main] pertySourcedRequestMappingHandlerMapping : Mapped URL path [/v2/api-docs] onto method [springfox.documentation.swagger2.web.Swagger2Controller#getDocumentation(String, HttpServletRequest)]
2021-09-01 20:43:35.465  INFO 3684 --- [main] o.s.b.w.embedded.tomcat.TomcatWebServer  : Tomcat started on port(s): 8080 (http) with context path ''
2021-09-01 20:43:35.466  INFO 3684 --- [main] d.s.w.p.DocumentationPluginsBootstrapper : Context refreshed
2021-09-01 20:43:35.634  INFO 3684 --- [main] d.s.w.p.DocumentationPluginsBootstrapper : Found 1 custom documentation plugin(s)
2021-09-01 20:43:35.675  INFO 3684 --- [main] s.d.s.w.s.ApiListingReferenceScanner     : Scanning for api listing references
2021-09-01 20:43:35.813  INFO 3684 --- [main] .d.s.w.r.o.CachingOperationNameGenerator : Generating unique operation named: handleUsingGET_1
2021-09-01 20:43:35.816  INFO 3684 --- [main] .d.s.w.r.o.CachingOperationNameGenerator : Generating unique operation named: handleUsingGET_2
2021-09-01 20:43:35.818  INFO 3684 --- [main] .d.s.w.r.o.CachingOperationNameGenerator : Generating unique operation named: handleUsingDELETE_1
2021-09-01 20:43:35.820  INFO 3684 --- [main] .d.s.w.r.o.CachingOperationNameGenerator : Generating unique operation named: handleUsingGET_3
2021-09-01 20:43:35.821  INFO 3684 --- [main] .d.s.w.r.o.CachingOperationNameGenerator : Generating unique operation named: handleUsingGET_4
2021-09-01 20:43:35.822  INFO 3684 --- [main] .d.s.w.r.o.CachingOperationNameGenerator : Generating unique operation named: handleUsingGET_5
2021-09-01 20:43:35.824  INFO 3684 --- [main] .d.s.w.r.o.CachingOperationNameGenerator : Generating unique operation named: handleUsingGET_6
2021-09-01 20:43:35.826  INFO 3684 --- [main] .d.s.w.r.o.CachingOperationNameGenerator : Generating unique operation named: handleUsingGET_7
2021-09-01 20:43:35.827  INFO 3684 --- [main] .d.s.w.r.o.CachingOperationNameGenerator : Generating unique operation named: handleUsingGET_8
2021-09-01 20:43:35.829  INFO 3684 --- [main] .d.s.w.r.o.CachingOperationNameGenerator : Generating unique operation named: handleUsingGET_9
2021-09-01 20:43:35.830  INFO 3684 --- [main] .d.s.w.r.o.CachingOperationNameGenerator : Generating unique operation named: handleUsingGET_10
2021-09-01 20:43:35.831  INFO 3684 --- [main] .d.s.w.r.o.CachingOperationNameGenerator : Generating unique operation named: handleUsingGET_11
2021-09-01 20:43:35.832  INFO 3684 --- [main] .d.s.w.r.o.CachingOperationNameGenerator : Generating unique operation named: handleUsingGET_12
2021-09-01 20:43:35.833  INFO 3684 --- [main] .d.s.w.r.o.CachingOperationNameGenerator : Generating unique operation named: handleUsingGET_13
2021-09-01 20:43:35.836  INFO 3684 --- [main] .d.s.w.r.o.CachingOperationNameGenerator : Generating unique operation named: handleUsingGET_14
2021-09-01 20:43:35.837  INFO 3684 --- [main] .d.s.w.r.o.CachingOperationNameGenerator : Generating unique operation named: handleUsingGET_15
2021-09-01 20:43:35.838  INFO 3684 --- [main] .d.s.w.r.o.CachingOperationNameGenerator : Generating unique operation named: handleUsingGET_16
2021-09-01 20:43:35.839  INFO 3684 --- [main] .d.s.w.r.o.CachingOperationNameGenerator : Generating unique operation named: handleUsingGET_17
2021-09-01 20:43:35.840  INFO 3684 --- [main] .d.s.w.r.o.CachingOperationNameGenerator : Generating unique operation named: handleUsingGET_18
2021-09-01 20:43:35.841  INFO 3684 --- [main] .d.s.w.r.o.CachingOperationNameGenerator : Generating unique operation named: handleUsingGET_19
2021-09-01 20:43:35.862  INFO 3684 --- [main] .p.f.FourthHomeworkAvemphractApplication : Started FourthHomeworkAvemphractApplication in 4.974 seconds (JVM running for 6.022)
2021-09-01 20:43:36.654  INFO 3684 --- [RMI TCP Connection(2)-192.168.56.1] o.a.c.c.C.[Tomcat].[localhost].[/]       : Initializing Spring DispatcherServlet 'dispatcherServlet'
2021-09-01 20:43:36.655  INFO 3684 --- [RMI TCP Connection(2)-192.168.56.1] o.s.web.servlet.DispatcherServlet        : Initializing Servlet 'dispatcherServlet'
2021-09-01 20:43:36.656  INFO 3684 --- [RMI TCP Connection(2)-192.168.56.1] o.s.web.servlet.DispatcherServlet        : Completed initialization in 1 ms
2021-09-01 20:45:16.234  INFO 3684 --- [SpringApplicationShutdownHook] j.LocalContainerEntityManagerFactoryBean : Closing JPA EntityManagerFactory for persistence unit 'default'
2021-09-01 20:45:16.234  INFO 3684 --- [SpringApplicationShutdownHook] .SchemaDropperImpl$DelayedDropActionImpl : HHH000477: Starting delayed evictData of schema as part of SessionFactory shut-down'
2021-09-01 20:45:16.239  INFO 3684 --- [SpringApplicationShutdownHook] com.zaxxer.hikari.HikariDataSource       : HikariPool-1 - Shutdown initiated...
2021-09-01 20:45:16.242  INFO 3684 --- [SpringApplicationShutdownHook] com.zaxxer.hikari.HikariDataSource       : HikariPool-1 - Shutdown completed.
2021-09-01 20:45:22.218  INFO 7160 --- [main] .p.f.FourthHomeworkAvemphractApplication : Starting FourthHomeworkAvemphractApplication using Java 1.8.0_292 on DESKTOP-1DBCT9N with PID 7160 (C:\Users\Katafrakt\Desktop\fourth-homework-avemphract\target\classes started by Katafrakt in C:\Users\Katafrakt\Desktop\fourth-homework-avemphract)
2021-09-01 20:45:22.220  INFO 7160 --- [main] .p.f.FourthHomeworkAvemphractApplication : No active profile set, falling back to default profiles: default
2021-09-01 20:45:23.203  INFO 7160 --- [main] .s.d.r.c.RepositoryConfigurationDelegate : Bootstrapping Spring Data JPA repositories in DEFAULT mode.
2021-09-01 20:45:23.251  INFO 7160 --- [main] .s.d.r.c.RepositoryConfigurationDelegate : Finished Spring Data repository scanning in 41 ms. Found 3 JPA repository interfaces.
2021-09-01 20:45:23.651  INFO 7160 --- [main] o.s.b.w.embedded.tomcat.TomcatWebServer  : Tomcat initialized with port(s): 8080 (http)
2021-09-01 20:45:23.656  INFO 7160 --- [main] o.apache.catalina.core.StandardService   : Starting service [Tomcat]
2021-09-01 20:45:23.657  INFO 7160 --- [main] org.apache.catalina.core.StandardEngine  : Starting Servlet engine: [Apache Tomcat/9.0.52]
2021-09-01 20:45:23.718  INFO 7160 --- [main] o.a.c.c.C.[Tomcat].[localhost].[/]       : Initializing Spring embedded WebApplicationContext
2021-09-01 20:45:23.719  INFO 7160 --- [main] w.s.c.ServletWebServerApplicationContext : Root WebApplicationContext: initialization completed in 1456 ms
2021-09-01 20:45:23.801  INFO 7160 --- [main] com.zaxxer.hikari.HikariDataSource       : HikariPool-1 - Starting...
2021-09-01 20:45:23.877  INFO 7160 --- [main] com.zaxxer.hikari.HikariDataSource       : HikariPool-1 - Start completed.
2021-09-01 20:45:23.882  INFO 7160 --- [main] o.s.b.a.h2.H2ConsoleAutoConfiguration    : H2 console available at '/h2-console'. Database available at 'jdbc:h2:mem:testdb'
2021-09-01 20:45:24.062  INFO 7160 --- [main] o.hibernate.jpa.internal.util.LogHelper  : HHH000204: Processing PersistenceUnitInfo [name: default]
2021-09-01 20:45:24.102  INFO 7160 --- [main] org.hibernate.Version                    : HHH000412: Hibernate ORM core version 5.4.32.Final
2021-09-01 20:45:24.218  INFO 7160 --- [main] o.hibernate.annotations.common.Version   : HCANN000001: Hibernate Commons Annotations {5.1.2.Final}
2021-09-01 20:45:24.323  INFO 7160 --- [main] org.hibernate.dialect.Dialect            : HHH000400: Using dialect: org.hibernate.dialect.H2Dialect
2021-09-01 20:45:24.899  INFO 7160 --- [main] o.h.e.t.j.p.i.JtaPlatformInitiator       : HHH000490: Using JtaPlatform implementation: [org.hibernate.engine.transaction.jta.platform.internal.NoJtaPlatform]
2021-09-01 20:45:24.906  INFO 7160 --- [main] j.LocalContainerEntityManagerFactoryBean : Initialized JPA EntityManagerFactory for persistence unit 'default'
2021-09-01 20:45:25.371  WARN 7160 --- [main] JpaBaseConfiguration$JpaWebConfiguration : spring.jpa.open-in-view is enabled by default. Therefore, database queries may be performed during view rendering. Explicitly configure spring.jpa.open-in-view to disable this warning
2021-09-01 20:45:25.518  INFO 7160 --- [main] o.s.b.a.e.web.EndpointLinksResolver      : Exposing 14 endpoint(s) beneath base path '/actuator'
2021-09-01 20:45:25.569  INFO 7160 --- [main] pertySourcedRequestMappingHandlerMapping : Mapped URL path [/v2/api-docs] onto method [springfox.documentation.swagger2.web.Swagger2Controller#getDocumentation(String, HttpServletRequest)]
2021-09-01 20:45:25.860  INFO 7160 --- [main] o.s.b.w.embedded.tomcat.TomcatWebServer  : Tomcat started on port(s): 8080 (http) with context path ''
2021-09-01 20:45:25.861  INFO 7160 --- [main] d.s.w.p.DocumentationPluginsBootstrapper : Context refreshed
2021-09-01 20:45:26.005  INFO 7160 --- [main] d.s.w.p.DocumentationPluginsBootstrapper : Found 1 custom documentation plugin(s)
2021-09-01 20:45:26.047  INFO 7160 --- [main] s.d.s.w.s.ApiListingReferenceScanner     : Scanning for api listing references
2021-09-01 20:45:26.155  INFO 7160 --- [main] .d.s.w.r.o.CachingOperationNameGenerator : Generating unique operation named: handleUsingGET_1
2021-09-01 20:45:26.157  INFO 7160 --- [main] .d.s.w.r.o.CachingOperationNameGenerator : Generating unique operation named: handleUsingGET_2
2021-09-01 20:45:26.158  INFO 7160 --- [main] .d.s.w.r.o.CachingOperationNameGenerator : Generating unique operation named: handleUsingDELETE_1
2021-09-01 20:45:26.159  INFO 7160 --- [main] .d.s.w.r.o.CachingOperationNameGenerator : Generating unique operation named: handleUsingGET_3
2021-09-01 20:45:26.160  INFO 7160 --- [main] .d.s.w.r.o.CachingOperationNameGenerator : Generating unique operation named: handleUsingGET_4
2021-09-01 20:45:26.161  INFO 7160 --- [main] .d.s.w.r.o.CachingOperationNameGenerator : Generating unique operation named: handleUsingGET_5
2021-09-01 20:45:26.162  INFO 7160 --- [main] .d.s.w.r.o.CachingOperationNameGenerator : Generating unique operation named: handleUsingGET_6
2021-09-01 20:45:26.163  INFO 7160 --- [main] .d.s.w.r.o.CachingOperationNameGenerator : Generating unique operation named: handleUsingGET_7
2021-09-01 20:45:26.164  INFO 7160 --- [main] .d.s.w.r.o.CachingOperationNameGenerator : Generating unique operation named: handleUsingGET_8
2021-09-01 20:45:26.165  INFO 7160 --- [main] .d.s.w.r.o.CachingOperationNameGenerator : Generating unique operation named: handleUsingGET_9
2021-09-01 20:45:26.166  INFO 7160 --- [main] .d.s.w.r.o.CachingOperationNameGenerator : Generating unique operation named: handleUsingGET_10
2021-09-01 20:45:26.166  INFO 7160 --- [main] .d.s.w.r.o.CachingOperationNameGenerator : Generating unique operation named: handleUsingGET_11
2021-09-01 20:45:26.167  INFO 7160 --- [main] .d.s.w.r.o.CachingOperationNameGenerator : Generating unique operation named: handleUsingGET_12
2021-09-01 20:45:26.168  INFO 7160 --- [main] .d.s.w.r.o.CachingOperationNameGenerator : Generating unique operation named: handleUsingGET_13
2021-09-01 20:45:26.169  INFO 7160 --- [main] .d.s.w.r.o.CachingOperationNameGenerator : Generating unique operation named: handleUsingGET_14
2021-09-01 20:45:26.170  INFO 7160 --- [main] .d.s.w.r.o.CachingOperationNameGenerator : Generating unique operation named: handleUsingGET_15
2021-09-01 20:45:26.171  INFO 7160 --- [main] .d.s.w.r.o.CachingOperationNameGenerator : Generating unique operation named: handleUsingGET_16
2021-09-01 20:45:26.172  INFO 7160 --- [main] .d.s.w.r.o.CachingOperationNameGenerator : Generating unique operation named: handleUsingGET_17
2021-09-01 20:45:26.173  INFO 7160 --- [main] .d.s.w.r.o.CachingOperationNameGenerator : Generating unique operation named: handleUsingGET_18
2021-09-01 20:45:26.174  INFO 7160 --- [main] .d.s.w.r.o.CachingOperationNameGenerator : Generating unique operation named: handleUsingGET_19
2021-09-01 20:45:26.196  INFO 7160 --- [main] .p.f.FourthHomeworkAvemphractApplication : Started FourthHomeworkAvemphractApplication in 4.424 seconds (JVM running for 5.351)
2021-09-01 20:45:26.553  INFO 7160 --- [RMI TCP Connection(1)-192.168.56.1] o.a.c.c.C.[Tomcat].[localhost].[/]       : Initializing Spring DispatcherServlet 'dispatcherServlet'
2021-09-01 20:45:26.553  INFO 7160 --- [RMI TCP Connection(1)-192.168.56.1] o.s.web.servlet.DispatcherServlet        : Initializing Servlet 'dispatcherServlet'
2021-09-01 20:45:26.556  INFO 7160 --- [RMI TCP Connection(1)-192.168.56.1] o.s.web.servlet.DispatcherServlet        : Completed initialization in 3 ms
2021-09-01 20:46:48.622  WARN 7160 --- [http-nio-8080-exec-1] .w.s.m.s.DefaultHandlerExceptionResolver : Resolved [org.springframework.http.converter.HttpMessageNotReadableException: JSON parse error: Unexpected character ('}' (code 125)): was expecting double-quote to start field name; nested exception is com.fasterxml.jackson.core.JsonParseException: Unexpected character ('}' (code 125)): was expecting double-quote to start field name
 at [Source: (PushbackInputStream); line: 5, column: 2]]
2021-09-01 20:47:03.783  WARN 7160 --- [http-nio-8080-exec-3] .w.s.m.s.DefaultHandlerExceptionResolver : Resolved [org.springframework.http.converter.HttpMessageNotReadableException: JSON parse error: Unexpected character ('}' (code 125)): was expecting double-quote to start field name; nested exception is com.fasterxml.jackson.core.JsonParseException: Unexpected character ('}' (code 125)): was expecting double-quote to start field name
 at [Source: (PushbackInputStream); line: 5, column: 2]]
2021-09-01 20:47:11.185  INFO 7160 --- [SpringApplicationShutdownHook] j.LocalContainerEntityManagerFactoryBean : Closing JPA EntityManagerFactory for persistence unit 'default'
2021-09-01 20:47:11.186  INFO 7160 --- [SpringApplicationShutdownHook] .SchemaDropperImpl$DelayedDropActionImpl : HHH000477: Starting delayed evictData of schema as part of SessionFactory shut-down'
2021-09-01 20:47:11.190  INFO 7160 --- [SpringApplicationShutdownHook] com.zaxxer.hikari.HikariDataSource       : HikariPool-1 - Shutdown initiated...
2021-09-01 20:47:11.193  INFO 7160 --- [SpringApplicationShutdownHook] com.zaxxer.hikari.HikariDataSource       : HikariPool-1 - Shutdown completed.
2021-09-01 20:48:07.658  INFO 1196 --- [main] .p.f.FourthHomeworkAvemphractApplication : Starting FourthHomeworkAvemphractApplication using Java 1.8.0_292 on DESKTOP-1DBCT9N with PID 1196 (C:\Users\Katafrakt\Desktop\fourth-homework-avemphract\target\classes started by Katafrakt in C:\Users\Katafrakt\Desktop\fourth-homework-avemphract)
2021-09-01 20:48:07.660  INFO 1196 --- [main] .p.f.FourthHomeworkAvemphractApplication : No active profile set, falling back to default profiles: default
2021-09-01 20:48:08.633  INFO 1196 --- [main] .s.d.r.c.RepositoryConfigurationDelegate : Bootstrapping Spring Data JPA repositories in DEFAULT mode.
2021-09-01 20:48:08.684  INFO 1196 --- [main] .s.d.r.c.RepositoryConfigurationDelegate : Finished Spring Data repository scanning in 40 ms. Found 3 JPA repository interfaces.
2021-09-01 20:48:09.080  INFO 1196 --- [main] o.s.b.w.embedded.tomcat.TomcatWebServer  : Tomcat initialized with port(s): 8080 (http)
2021-09-01 20:48:09.086  INFO 1196 --- [main] o.apache.catalina.core.StandardService   : Starting service [Tomcat]
2021-09-01 20:48:09.086  INFO 1196 --- [main] org.apache.catalina.core.StandardEngine  : Starting Servlet engine: [Apache Tomcat/9.0.52]
2021-09-01 20:48:09.147  INFO 1196 --- [main] o.a.c.c.C.[Tomcat].[localhost].[/]       : Initializing Spring embedded WebApplicationContext
2021-09-01 20:48:09.147  INFO 1196 --- [main] w.s.c.ServletWebServerApplicationContext : Root WebApplicationContext: initialization completed in 1447 ms
2021-09-01 20:48:09.222  INFO 1196 --- [main] com.zaxxer.hikari.HikariDataSource       : HikariPool-1 - Starting...
2021-09-01 20:48:09.296  INFO 1196 --- [main] com.zaxxer.hikari.HikariDataSource       : HikariPool-1 - Start completed.
2021-09-01 20:48:09.301  INFO 1196 --- [main] o.s.b.a.h2.H2ConsoleAutoConfiguration    : H2 console available at '/h2-console'. Database available at 'jdbc:h2:mem:testdb'
2021-09-01 20:48:09.481  INFO 1196 --- [main] o.hibernate.jpa.internal.util.LogHelper  : HHH000204: Processing PersistenceUnitInfo [name: default]
2021-09-01 20:48:09.519  INFO 1196 --- [main] org.hibernate.Version                    : HHH000412: Hibernate ORM core version 5.4.32.Final
2021-09-01 20:48:09.621  INFO 1196 --- [main] o.hibernate.annotations.common.Version   : HCANN000001: Hibernate Commons Annotations {5.1.2.Final}
2021-09-01 20:48:09.708  INFO 1196 --- [main] org.hibernate.dialect.Dialect            : HHH000400: Using dialect: org.hibernate.dialect.H2Dialect
2021-09-01 20:48:10.255  INFO 1196 --- [main] o.h.e.t.j.p.i.JtaPlatformInitiator       : HHH000490: Using JtaPlatform implementation: [org.hibernate.engine.transaction.jta.platform.internal.NoJtaPlatform]
2021-09-01 20:48:10.263  INFO 1196 --- [main] j.LocalContainerEntityManagerFactoryBean : Initialized JPA EntityManagerFactory for persistence unit 'default'
2021-09-01 20:48:10.720  WARN 1196 --- [main] JpaBaseConfiguration$JpaWebConfiguration : spring.jpa.open-in-view is enabled by default. Therefore, database queries may be performed during view rendering. Explicitly configure spring.jpa.open-in-view to disable this warning
2021-09-01 20:48:10.867  INFO 1196 --- [main] o.s.b.a.e.web.EndpointLinksResolver      : Exposing 14 endpoint(s) beneath base path '/actuator'
2021-09-01 20:48:10.919  INFO 1196 --- [main] pertySourcedRequestMappingHandlerMapping : Mapped URL path [/v2/api-docs] onto method [springfox.documentation.swagger2.web.Swagger2Controller#getDocumentation(String, HttpServletRequest)]
2021-09-01 20:48:11.190  INFO 1196 --- [main] o.s.b.w.embedded.tomcat.TomcatWebServer  : Tomcat started on port(s): 8080 (http) with context path ''
2021-09-01 20:48:11.191  INFO 1196 --- [main] d.s.w.p.DocumentationPluginsBootstrapper : Context refreshed
2021-09-01 20:48:11.336  INFO 1196 --- [main] d.s.w.p.DocumentationPluginsBootstrapper : Found 1 custom documentation plugin(s)
2021-09-01 20:48:11.378  INFO 1196 --- [main] s.d.s.w.s.ApiListingReferenceScanner     : Scanning for api listing references
2021-09-01 20:48:11.489  INFO 1196 --- [main] .d.s.w.r.o.CachingOperationNameGenerator : Generating unique operation named: handleUsingGET_1
2021-09-01 20:48:11.490  INFO 1196 --- [main] .d.s.w.r.o.CachingOperationNameGenerator : Generating unique operation named: handleUsingGET_2
2021-09-01 20:48:11.491  INFO 1196 --- [main] .d.s.w.r.o.CachingOperationNameGenerator : Generating unique operation named: handleUsingDELETE_1
2021-09-01 20:48:11.492  INFO 1196 --- [main] .d.s.w.r.o.CachingOperationNameGenerator : Generating unique operation named: handleUsingGET_3
2021-09-01 20:48:11.493  INFO 1196 --- [main] .d.s.w.r.o.CachingOperationNameGenerator : Generating unique operation named: handleUsingGET_4
2021-09-01 20:48:11.494  INFO 1196 --- [main] .d.s.w.r.o.CachingOperationNameGenerator : Generating unique operation named: handleUsingGET_5
2021-09-01 20:48:11.495  INFO 1196 --- [main] .d.s.w.r.o.CachingOperationNameGenerator : Generating unique operation named: handleUsingGET_6
2021-09-01 20:48:11.496  INFO 1196 --- [main] .d.s.w.r.o.CachingOperationNameGenerator : Generating unique operation named: handleUsingGET_7
2021-09-01 20:48:11.496  INFO 1196 --- [main] .d.s.w.r.o.CachingOperationNameGenerator : Generating unique operation named: handleUsingGET_8
2021-09-01 20:48:11.497  INFO 1196 --- [main] .d.s.w.r.o.CachingOperationNameGenerator : Generating unique operation named: handleUsingGET_9
2021-09-01 20:48:11.498  INFO 1196 --- [main] .d.s.w.r.o.CachingOperationNameGenerator : Generating unique operation named: handleUsingGET_10
2021-09-01 20:48:11.499  INFO 1196 --- [main] .d.s.w.r.o.CachingOperationNameGenerator : Generating unique operation named: handleUsingGET_11
2021-09-01 20:48:11.500  INFO 1196 --- [main] .d.s.w.r.o.CachingOperationNameGenerator : Generating unique operation named: handleUsingGET_12
2021-09-01 20:48:11.501  INFO 1196 --- [main] .d.s.w.r.o.CachingOperationNameGenerator : Generating unique operation named: handleUsingGET_13
2021-09-01 20:48:11.502  INFO 1196 --- [main] .d.s.w.r.o.CachingOperationNameGenerator : Generating unique operation named: handleUsingGET_14
2021-09-01 20:48:11.503  INFO 1196 --- [main] .d.s.w.r.o.CachingOperationNameGenerator : Generating unique operation named: handleUsingGET_15
2021-09-01 20:48:11.504  INFO 1196 --- [main] .d.s.w.r.o.CachingOperationNameGenerator : Generating unique operation named: handleUsingGET_16
2021-09-01 20:48:11.505  INFO 1196 --- [main] .d.s.w.r.o.CachingOperationNameGenerator : Generating unique operation named: handleUsingGET_17
2021-09-01 20:48:11.506  INFO 1196 --- [main] .d.s.w.r.o.CachingOperationNameGenerator : Generating unique operation named: handleUsingGET_18
2021-09-01 20:48:11.507  INFO 1196 --- [main] .d.s.w.r.o.CachingOperationNameGenerator : Generating unique operation named: handleUsingGET_19
2021-09-01 20:48:11.528  INFO 1196 --- [main] .p.f.FourthHomeworkAvemphractApplication : Started FourthHomeworkAvemphractApplication in 4.323 seconds (JVM running for 5.268)
2021-09-01 20:48:12.121  INFO 1196 --- [RMI TCP Connection(2)-192.168.56.1] o.a.c.c.C.[Tomcat].[localhost].[/]       : Initializing Spring DispatcherServlet 'dispatcherServlet'
2021-09-01 20:48:12.121  INFO 1196 --- [RMI TCP Connection(2)-192.168.56.1] o.s.web.servlet.DispatcherServlet        : Initializing Servlet 'dispatcherServlet'
2021-09-01 20:48:12.123  INFO 1196 --- [RMI TCP Connection(2)-192.168.56.1] o.s.web.servlet.DispatcherServlet        : Completed initialization in 1 ms
2021-09-01 20:49:52.618  WARN 1196 --- [http-nio-8080-exec-7] .w.s.m.s.DefaultHandlerExceptionResolver : Resolved [org.springframework.http.converter.HttpMessageNotReadableException: JSON parse error: Unexpected close marker ']': expected '}' (for Object starting at [Source: (PushbackInputStream); line: 1, column: 1]); nested exception is com.fasterxml.jackson.core.JsonParseException: Unexpected close marker ']': expected '}' (for Object starting at [Source: (PushbackInputStream); line: 1, column: 1])
 at [Source: (PushbackInputStream); line: 6, column: 4]]
2021-09-01 22:20:46.208  INFO 1196 --- [SpringApplicationShutdownHook] j.LocalContainerEntityManagerFactoryBean : Closing JPA EntityManagerFactory for persistence unit 'default'
2021-09-01 22:20:46.218  INFO 1196 --- [SpringApplicationShutdownHook] .SchemaDropperImpl$DelayedDropActionImpl : HHH000477: Starting delayed evictData of schema as part of SessionFactory shut-down'
2021-09-01 22:20:46.235  INFO 1196 --- [SpringApplicationShutdownHook] com.zaxxer.hikari.HikariDataSource       : HikariPool-1 - Shutdown initiated...
2021-09-01 22:20:46.241  INFO 1196 --- [SpringApplicationShutdownHook] com.zaxxer.hikari.HikariDataSource       : HikariPool-1 - Shutdown completed.
